[11:21:57] [main/INFO] (FabricLoader/GameProvider) Loading Minecraft 1.20.4 with Fabric Loader 0.17.3
[11:21:58] [main/INFO] (FabricLoader) Loading 46 mods:
	- architectury 11.1.17
	- fabric-api 0.97.3+1.20.4
	- fabric-api-base 0.4.37+78d798af4f
	- fabric-api-lookup-api-v1 1.6.50+82b1bb3e4f
	- fabric-biome-api-v1 13.0.17+78d798af4f
	- fabric-block-api-v1 1.0.17+3e2216cb4f
	- fabric-block-view-api-v2 1.0.5+78d798af4f
	- fabric-command-api-v1 1.2.42+f71b366f4f
	- fabric-command-api-v2 2.2.21+78d798af4f
	- fabric-commands-v0 0.2.59+df3654b34f
	- fabric-containers-v0 0.1.88+df3654b34f
	- fabric-content-registries-v0 5.0.16+78d798af4f
	- fabric-convention-tags-v1 1.5.11+78d798af4f
	- fabric-crash-report-info-v1 0.2.24+78d798af4f
	- fabric-data-attachment-api-v1 1.1.5+b90db5744f
	- fabric-data-generation-api-v1 13.2.6+5c0133444f
	- fabric-dimensions-v1 2.1.63+6605d1a84f
	- fabric-entity-events-v1 1.6.2+09fc25014f
	- fabric-events-interaction-v0 0.7.2+389931eb4f
	- fabric-events-lifecycle-v0 0.2.76+df3654b34f
	- fabric-game-rule-api-v1 1.0.47+78d798af4f
	- fabric-gametest-api-v1 1.3.6+85d85a934f
	- fabric-item-api-v1 2.3.1+cadc140c4f
	- fabric-item-group-api-v1 4.0.27+ee30b13a4f
	- fabric-lifecycle-events-v1 2.3.1+a67ffb5d4f
	- fabric-loot-api-v2 2.1.10+78d798af4f
	- fabric-message-api-v1 6.0.6+78d798af4f
	- fabric-mining-level-api-v1 2.1.66+78d798af4f
	- fabric-networking-api-v1 3.1.9+6abb6a4b4f
	- fabric-object-builder-api-v1 13.1.0+dba1195c4f
	- fabric-particles-v1 1.1.8+78d798af4f
	- fabric-recipe-api-v1 2.0.22+78d798af4f
	- fabric-registry-sync-v0 4.0.21+ee30b13a4f
	- fabric-rendering-data-attachment-v1 0.3.43+73761d2e4f
	- fabric-rendering-fluids-v1 3.1.2+e761c6694f
	- fabric-resource-conditions-api-v1 2.3.15+78d798af4f
	- fabric-resource-loader-v0 0.11.21+ee30b13a4f
	- fabric-screen-handler-api-v1 1.3.57+78d798af4f
	- fabric-transfer-api-v1 4.0.12+90f2d7b14f
	- fabric-transitive-access-wideners-v1 5.0.15+78d798af4f
	- fabricloader 0.17.3
	- generated_33aad87 1.0.0
	- java 21
	- minecraft 1.20.4
	- mixinextras 0.5.0
	- websocket_commands 1.0.0
[11:21:58] [main/INFO] (FabricLoader/Mixin) SpongePowered MIXIN Subsystem Version=0.8.7 Source=file:/C:/Users/silen/.gradle/caches/modules-2/files-2.1/net.fabricmc/sponge-mixin/0.16.5+mixin.0.8.7/80fc3a9f592673cea87f4cd702f87991c6c9fe4d/sponge-mixin-0.16.5+mixin.0.8.7.jar Service=Knot/Fabric Env=SERVER
[11:21:58] [main/INFO] (FabricLoader/Mixin) Loaded Fabric development mappings for mixin remapper!
[11:21:58] [main/INFO] (FabricLoader/Mixin) Compatibility level set to JAVA_17
[11:21:58] [main/INFO] (FabricLoader/MixinExtras|Service) Initializing MixinExtras via com.llamalad7.mixinextras.service.MixinExtrasServiceImpl(version=0.5.0).
[11:22:03] [main/INFO] (websocket_commands) Initializing Websocket Commands
[11:22:03] [main/INFO] (fabric-networking-api-v1) Force Packet Serialization is enabled to mimic remote connection on single player, this is the default behaviour on dev env. Add -Dfabric-api.networking.force-packet-serialization=false JVM arg to disable it.
[11:22:03] [main/INFO] (Minecraft) Environment: Environment[sessionHost=https://sessionserver.mojang.com, servicesHost=https://api.minecraftservices.com, name=PROD]
[11:22:04] [main/INFO] (Minecraft) Loaded 7 recipes
[11:22:05] [main/INFO] (Minecraft) Loaded 1271 advancements
[11:22:05] [main/INFO] (BiomeModificationImpl) Applied 0 biome modifications to 0 of 64 new biomes in 827.1 μs
[11:22:05] [Server thread/INFO] (Minecraft) Starting minecraft server version 1.20.4
[11:22:05] [Server thread/INFO] (Minecraft) Loading properties
[11:22:05] [Server thread/INFO] (Minecraft) Default game type: SURVIVAL
[11:22:05] [Server thread/INFO] (Minecraft) Generating keypair
[11:22:05] [Server thread/INFO] (Minecraft) Starting Minecraft server on *:25565
[11:22:05] [Server thread/INFO] (Minecraft) Using default channel type
[11:22:05] [Server thread/INFO] (Minecraft) Preparing level "world"
[11:22:06] [Server thread/INFO] (Minecraft) Preparing start region for dimension minecraft:overworld
[11:22:07] [Worker-Main-2/INFO] (Minecraft) Preparing spawn area: 0%
[11:22:07] [Worker-Main-11/INFO] (Minecraft) Preparing spawn area: 0%
[11:22:07] [Worker-Main-11/INFO] (Minecraft) Preparing spawn area: 0%
[11:22:07] [Worker-Main-14/INFO] (Minecraft) Preparing spawn area: 66%
[11:22:07] [Server thread/INFO] (Minecraft) Time elapsed: 1600 ms
[11:22:07] [Server thread/INFO] (Minecraft) Done (2.182s)! For help, type "help"
